<?xml version="1.0" encoding="utf-8"?>
<coverage line-rate="0.9148000000000001" branch-rate="0.8079999999999999" version="1.9" timestamp="1776605418" lines-covered="666" lines-valid="728" branches-covered="202" branches-valid="250">
  <sources>
    <source>C:\Users\jamie\Development\Crumpet Labs\Buttr.Core\src\</source>
  </sources>
  <packages>
    <package name="Buttr.Core" line-rate="0.912" branch-rate="0.8" complexity="380">
      <classes>
        <class name="Buttr.Core.ApplicationBuilder" filename="Buttr.Core\Application\ApplicationBuilder.cs" line-rate="0.909" branch-rate="0.5" complexity="6">
          <methods>
            <method name="get_Resolvers" signature="()" line-rate="1" branch-rate="1" complexity="1">
              <lines>
                <line number="10" hits="54" branch="False" />
              </lines>
            </method>
            <method name="get_Hidden" signature="()" line-rate="1" branch-rate="1" complexity="1">
              <lines>
                <line number="11" hits="15" branch="False" />
              </lines>
            </method>
            <method name="set_Cleanup" signature="(Buttr.Core.DisposableCollection)" line-rate="0" branch-rate="1" complexity="1">
              <lines>
                <line number="14" hits="0" branch="False" />
              </lines>
            </method>
            <method name="Build" signature="()" line-rate="1" branch-rate="0.5" complexity="2">
              <lines>
                <line number="18" hits="47" branch="False" />
                <line number="19" hits="47" branch="False" />
                <line number="21" hits="46" branch="True" condition-coverage="50% (1/2)">
                  <conditions>
                    <condition number="28" type="jump" coverage="50%" />
                  </conditions>
                </line>
                <line number="22" hits="46" branch="False" />
                <line number="23" hits="46" branch="False" />
                <line number="25" hits="46" branch="False" />
              </lines>
            </method>
            <method name=".ctor" signature="()" line-rate="1" branch-rate="1" complexity="1">
              <lines>
                <line number="5" hits="51" branch="False" />
                <line number="6" hits="51" branch="False" />
              </lines>
            </method>
          </methods>
          <lines>
            <line number="10" hits="54" branch="False" />
            <line number="11" hits="15" branch="False" />
            <line number="14" hits="0" branch="False" />
            <line number="18" hits="47" branch="False" />
            <line number="19" hits="47" branch="False" />
            <line number="21" hits="46" branch="True" condition-coverage="50% (1/2)">
              <conditions>
                <condition number="28" type="jump" coverage="50%" />
              </conditions>
            </line>
            <line number="22" hits="46" branch="False" />
            <line number="23" hits="46" branch="False" />
            <line number="25" hits="46" branch="False" />
            <line number="5" hits="51" branch="False" />
            <line number="6" hits="51" branch="False" />
          </lines>
        </class>
        <class name="Buttr.Core.ApplicationContainer" filename="Buttr.Core\Application\ApplicationContainer.cs" line-rate="1" branch-rate="1" complexity="2">
          <methods>
            <method name="Dispose" signature="()" line-rate="1" branch-rate="1" complexity="1">
              <lines>
                <line number="12" hits="46" branch="False" />
                <line number="13" hits="46" branch="False" />
              </lines>
            </method>
            <method name=".ctor" signature="(System.IDisposable)" line-rate="1" branch-rate="1" complexity="1">
              <lines>
                <line number="7" hits="46" branch="False" />
                <line number="8" hits="46" branch="False" />
                <line number="9" hits="46" branch="False" />
              </lines>
            </method>
          </methods>
          <lines>
            <line number="12" hits="46" branch="False" />
            <line number="13" hits="46" branch="False" />
            <line number="7" hits="46" branch="False" />
            <line number="8" hits="46" branch="False" />
            <line number="9" hits="46" branch="False" />
          </lines>
        </class>
        <class name="Buttr.Core.ApplicationHiddenCollection" filename="Buttr.Core\Application\ApplicationHiddenCollection.cs" line-rate="1" branch-rate="1" complexity="7">
          <methods>
            <method name="AddTransient" signature="()" line-rate="1" branch-rate="1" complexity="1">
              <lines>
                <line number="16" hits="3" branch="False" />
                <line number="17" hits="3" branch="False" />
                <line number="18" hits="3" branch="False" />
                <line number="22" hits="4" branch="False" />
                <line number="23" hits="4" branch="False" />
                <line number="24" hits="4" branch="False" />
              </lines>
            </method>
            <method name="AddSingleton" signature="()" line-rate="1" branch-rate="1" complexity="1">
              <lines>
                <line number="28" hits="4" branch="False" />
                <line number="29" hits="4" branch="False" />
                <line number="30" hits="4" branch="False" />
                <line number="34" hits="4" branch="False" />
                <line number="35" hits="4" branch="False" />
                <line number="36" hits="4" branch="False" />
              </lines>
            </method>
            <method name="Resolve" signature="()" line-rate="1" branch-rate="1" complexity="2">
              <lines>
                <line number="40" hits="139" branch="True" condition-coverage="100% (2/2)">
                  <conditions>
                    <condition number="33" type="jump" coverage="100%" />
                  </conditions>
                </line>
                <line number="41" hits="47" branch="False" />
              </lines>
            </method>
            <method name="Dispose" signature="()" line-rate="1" branch-rate="1" complexity="2">
              <lines>
                <line number="44" hits="137" branch="True" condition-coverage="100% (2/2)">
                  <conditions>
                    <condition number="33" type="jump" coverage="100%" />
                  </conditions>
                </line>
                <line number="45" hits="46" branch="False" />
              </lines>
            </method>
            <method name=".ctor" signature="()" line-rate="1" branch-rate="1" complexity="1">
              <lines>
                <line number="13" hits="51" branch="False" />
              </lines>
            </method>
          </methods>
          <lines>
            <line number="16" hits="3" branch="False" />
            <line number="17" hits="3" branch="False" />
            <line number="18" hits="3" branch="False" />
            <line number="22" hits="4" branch="False" />
            <line number="23" hits="4" branch="False" />
            <line number="24" hits="4" branch="False" />
            <line number="28" hits="4" branch="False" />
            <line number="29" hits="4" branch="False" />
            <line number="30" hits="4" branch="False" />
            <line number="34" hits="4" branch="False" />
            <line number="35" hits="4" branch="False" />
            <line number="36" hits="4" branch="False" />
            <line number="40" hits="139" branch="True" condition-coverage="100% (2/2)">
              <conditions>
                <condition number="33" type="jump" coverage="100%" />
              </conditions>
            </line>
            <line number="41" hits="47" branch="False" />
            <line number="44" hits="137" branch="True" condition-coverage="100% (2/2)">
              <conditions>
                <condition number="33" type="jump" coverage="100%" />
              </conditions>
            </line>
            <line number="45" hits="46" branch="False" />
            <line number="13" hits="51" branch="False" />
          </lines>
        </class>
        <class name="Buttr.Core.ApplicationResolverCollection" filename="Buttr.Core\Application\ApplicationResolverCollection.cs" line-rate="1" branch-rate="1" complexity="7">
          <methods>
            <method name="AddSingleton" signature="()" line-rate="1" branch-rate="1" complexity="1">
              <lines>
                <line number="8" hits="37" branch="False" />
                <line number="9" hits="37" branch="False" />
                <line number="10" hits="37" branch="False" />
                <line number="14" hits="5" branch="False" />
                <line number="15" hits="5" branch="False" />
                <line number="16" hits="5" branch="False" />
              </lines>
            </method>
            <method name="AddTransient" signature="()" line-rate="1" branch-rate="1" complexity="1">
              <lines>
                <line number="20" hits="8" branch="False" />
                <line number="21" hits="8" branch="False" />
                <line number="22" hits="8" branch="False" />
                <line number="26" hits="4" branch="False" />
                <line number="27" hits="4" branch="False" />
                <line number="28" hits="4" branch="False" />
              </lines>
            </method>
            <method name="Resolve" signature="()" line-rate="1" branch-rate="1" complexity="2">
              <lines>
                <line number="32" hits="240" branch="True" condition-coverage="100% (2/2)">
                  <conditions>
                    <condition number="33" type="jump" coverage="100%" />
                  </conditions>
                </line>
                <line number="33" hits="46" branch="False" />
              </lines>
            </method>
            <method name="Dispose" signature="()" line-rate="1" branch-rate="1" complexity="2">
              <lines>
                <line number="36" hits="236" branch="True" condition-coverage="100% (2/2)">
                  <conditions>
                    <condition number="33" type="jump" coverage="100%" />
                  </conditions>
                </line>
                <line number="37" hits="46" branch="False" />
              </lines>
            </method>
            <method name=".ctor" signature="()" line-rate="1" branch-rate="1" complexity="1">
              <lines>
                <line number="5" hits="51" branch="False" />
              </lines>
            </method>
          </methods>
          <lines>
            <line number="8" hits="37" branch="False" />
            <line number="9" hits="37" branch="False" />
            <line number="10" hits="37" branch="False" />
            <line number="14" hits="5" branch="False" />
            <line number="15" hits="5" branch="False" />
            <line number="16" hits="5" branch="False" />
            <line number="20" hits="8" branch="False" />
            <line number="21" hits="8" branch="False" />
            <line number="22" hits="8" branch="False" />
            <line number="26" hits="4" branch="False" />
            <line number="27" hits="4" branch="False" />
            <line number="28" hits="4" branch="False" />
            <line number="32" hits="240" branch="True" condition-coverage="100% (2/2)">
              <conditions>
                <condition number="33" type="jump" coverage="100%" />
              </conditions>
            </line>
            <line number="33" hits="46" branch="False" />
            <line number="36" hits="236" branch="True" condition-coverage="100% (2/2)">
              <conditions>
                <condition number="33" type="jump" coverage="100%" />
              </conditions>
            </line>
            <line number="37" hits="46" branch="False" />
            <line number="5" hits="51" branch="False" />
          </lines>
        </class>
        <class name="Buttr.Core.DIBuilder`1" filename="Buttr.Core\Builders\DIBuilder.cs" line-rate="0.9333" branch-rate="1" complexity="8">
          <methods>
            <method name="get_Type" signature="()" line-rate="0" branch-rate="1" complexity="1">
              <lines>
                <line number="18" hits="0" branch="False" />
              </lines>
            </method>
            <method name="AddTransient" signature="(TID)" line-rate="1" branch-rate="1" complexity="2">
              <lines>
                <line number="21" hits="6" branch="True" condition-coverage="100% (2/2)">
                  <conditions>
                    <condition number="15" type="jump" coverage="100%" />
                  </conditions>
                </line>
                <line number="22" hits="1" branch="False" />
                <line number="24" hits="5" branch="False" />
                <line number="25" hits="5" branch="False" />
                <line number="26" hits="5" branch="False" />
              </lines>
            </method>
            <method name="AddSingleton" signature="(TID)" line-rate="1" branch-rate="1" complexity="2">
              <lines>
                <line number="30" hits="20" branch="True" condition-coverage="100% (2/2)">
                  <conditions>
                    <condition number="15" type="jump" coverage="100%" />
                  </conditions>
                </line>
                <line number="31" hits="1" branch="False" />
                <line number="33" hits="19" branch="False" />
                <line number="34" hits="19" branch="False" />
                <line number="35" hits="19" branch="False" />
              </lines>
            </method>
            <method name="Build" signature="()" line-rate="1" branch-rate="1" complexity="2">
              <lines>
                <line number="39" hits="112" branch="True" condition-coverage="100% (2/2)">
                  <conditions>
                    <condition number="33" type="jump" coverage="100%" />
                  </conditions>
                </line>
                <line number="41" hits="20" branch="False" />
              </lines>
            </method>
            <method name=".ctor" signature="()" line-rate="1" branch-rate="1" complexity="1">
              <lines>
                <line number="16" hits="22" branch="False" />
                <line number="17" hits="22" branch="False" />
              </lines>
            </method>
          </methods>
          <lines>
            <line number="18" hits="0" branch="False" />
            <line number="21" hits="6" branch="True" condition-coverage="100% (2/2)">
              <conditions>
                <condition number="15" type="jump" coverage="100%" />
              </conditions>
            </line>
            <line number="22" hits="1" branch="False" />
            <line number="24" hits="5" branch="False" />
            <line number="25" hits="5" branch="False" />
            <line number="26" hits="5" branch="False" />
            <line number="30" hits="20" branch="True" condition-coverage="100% (2/2)">
              <conditions>
                <condition number="15" type="jump" coverage="100%" />
              </conditions>
            </line>
            <line number="31" hits="1" branch="False" />
            <line number="33" hits="19" branch="False" />
            <line number="34" hits="19" branch="False" />
            <line number="35" hits="19" branch="False" />
            <line number="39" hits="112" branch="True" condition-coverage="100% (2/2)">
              <conditions>
                <condition number="33" type="jump" coverage="100%" />
              </conditions>
            </line>
            <line number="41" hits="20" branch="False" />
            <line number="16" hits="22" branch="False" />
            <line number="17" hits="22" branch="False" />
          </lines>
        </class>
        <class name="Buttr.Core.DIBuilder" filename="Buttr.Core\Builders\DIBuilder.cs" line-rate="0.8421" branch-rate="0.5" complexity="8">
          <methods>
            <method name="get_Resolvers" signature="()" line-rate="0" branch-rate="1" complexity="1">
              <lines>
                <line number="64" hits="0" branch="False" />
              </lines>
            </method>
            <method name="get_Hidden" signature="()" line-rate="1" branch-rate="1" complexity="1">
              <lines>
                <line number="65" hits="7" branch="False" />
              </lines>
            </method>
            <method name="AddTransient" signature="()" line-rate="0.75" branch-rate="0.5" complexity="2">
              <lines>
                <line number="68" hits="3" branch="True" condition-coverage="50% (1/2)">
                  <conditions>
                    <condition number="15" type="jump" coverage="50%" />
                  </conditions>
                </line>
                <line number="69" hits="0" branch="False" />
                <line number="71" hits="3" branch="False" />
                <line number="75" hits="4" branch="False" />
              </lines>
            </method>
            <method name="AddSingleton" signature="()" line-rate="0.75" branch-rate="0.5" complexity="2">
              <lines>
                <line number="79" hits="18" branch="True" condition-coverage="50% (1/2)">
                  <conditions>
                    <condition number="15" type="jump" coverage="50%" />
                  </conditions>
                </line>
                <line number="80" hits="0" branch="False" />
                <line number="82" hits="18" branch="False" />
                <line number="86" hits="7" branch="False" />
              </lines>
            </method>
            <method name="Build" signature="()" line-rate="1" branch-rate="1" complexity="1">
              <lines>
                <line number="90" hits="27" branch="False" />
                <line number="91" hits="27" branch="False" />
                <line number="93" hits="27" branch="False" />
              </lines>
            </method>
            <method name=".ctor" signature="()" line-rate="1" branch-rate="1" complexity="1">
              <lines>
                <line number="53" hits="27" branch="False" />
                <line number="54" hits="27" branch="False" />
                <line number="59" hits="27" branch="False" />
                <line number="60" hits="27" branch="False" />
                <line number="61" hits="27" branch="False" />
                <line number="62" hits="27" branch="False" />
              </lines>
            </method>
          </methods>
          <lines>
            <line number="64" hits="0" branch="False" />
            <line number="65" hits="7" branch="False" />
            <line number="68" hits="3" branch="True" condition-coverage="50% (1/2)">
              <conditions>
                <condition number="15" type="jump" coverage="50%" />
              </conditions>
            </line>
            <line number="69" hits="0" branch="False" />
            <line number="71" hits="3" branch="False" />
            <line number="75" hits="4" branch="False" />
            <line number="79" hits="18" branch="True" condition-coverage="50% (1/2)">
              <conditions>
                <condition number="15" type="jump" coverage="50%" />
              </conditions>
            </line>
            <line number="80" hits="0" branch="False" />
            <line number="82" hits="18" branch="False" />
            <line number="86" hits="7" branch="False" />
            <line number="90" hits="27" branch="False" />
            <line number="91" hits="27" branch="False" />
            <line number="93" hits="27" branch="False" />
            <line number="53" hits="27" branch="False" />
            <line number="54" hits="27" branch="False" />
            <line number="59" hits="27" branch="False" />
            <line number="60" hits="27" branch="False" />
            <line number="61" hits="27" branch="False" />
            <line number="62" hits="27" branch="False" />
          </lines>
        </class>
        <class name="Buttr.Core.HiddenObjectResolverCollection" filename="Buttr.Core\Builders\HiddenObjectResolverCollection.cs" line-rate="0.76" branch-rate="0.5" complexity="7">
          <methods>
            <method name="AddSingleton" signature="()" line-rate="1" branch-rate="1" complexity="1">
              <lines>
                <line number="16" hits="6" branch="False" />
                <line number="17" hits="6" branch="False" />
                <line number="18" hits="6" branch="False" />
                <line number="19" hits="6" branch="False" />
                <line number="23" hits="3" branch="False" />
                <line number="24" hits="3" branch="False" />
                <line number="25" hits="3" branch="False" />
                <line number="26" hits="3" branch="False" />
              </lines>
            </method>
            <method name="AddTransient" signature="()" line-rate="0.5" branch-rate="1" complexity="1">
              <lines>
                <line number="30" hits="0" branch="False" />
                <line number="31" hits="0" branch="False" />
                <line number="32" hits="0" branch="False" />
                <line number="33" hits="0" branch="False" />
                <line number="37" hits="1" branch="False" />
                <line number="38" hits="1" branch="False" />
                <line number="39" hits="1" branch="False" />
                <line number="40" hits="1" branch="False" />
              </lines>
            </method>
            <method name="Resolve" signature="()" line-rate="1" branch-rate="1" complexity="2">
              <lines>
                <line number="44" hits="128" branch="True" condition-coverage="100% (2/2)">
                  <conditions>
                    <condition number="33" type="jump" coverage="100%" />
                  </conditions>
                </line>
                <line number="45" hits="49" branch="False" />
              </lines>
            </method>
            <method name="Dispose" signature="()" line-rate="0" branch-rate="0" complexity="2">
              <lines>
                <line number="48" hits="0" branch="True" condition-coverage="0% (0/2)">
                  <conditions>
                    <condition number="33" type="jump" coverage="0%" />
                  </conditions>
                </line>
                <line number="49" hits="0" branch="False" />
              </lines>
            </method>
            <method name=".ctor" signature="(System.Collections.Generic.Dictionary`2&lt;System.Type,Buttr.Core.IObjectResolver&gt;,System.Collections.Generic.HashSet`1&lt;System.Type&gt;)" line-rate="1" branch-rate="1" complexity="1">
              <lines>
                <line number="8" hits="49" branch="False" />
                <line number="10" hits="49" branch="False" />
                <line number="11" hits="49" branch="False" />
                <line number="12" hits="49" branch="False" />
                <line number="13" hits="49" branch="False" />
              </lines>
            </method>
          </methods>
          <lines>
            <line number="16" hits="6" branch="False" />
            <line number="17" hits="6" branch="False" />
            <line number="18" hits="6" branch="False" />
            <line number="19" hits="6" branch="False" />
            <line number="23" hits="3" branch="False" />
            <line number="24" hits="3" branch="False" />
            <line number="25" hits="3" branch="False" />
            <line number="26" hits="3" branch="False" />
            <line number="30" hits="0" branch="False" />
            <line number="31" hits="0" branch="False" />
            <line number="32" hits="0" branch="False" />
            <line number="33" hits="0" branch="False" />
            <line number="37" hits="1" branch="False" />
            <line number="38" hits="1" branch="False" />
            <line number="39" hits="1" branch="False" />
            <line number="40" hits="1" branch="False" />
            <line number="44" hits="128" branch="True" condition-coverage="100% (2/2)">
              <conditions>
                <condition number="33" type="jump" coverage="100%" />
              </conditions>
            </line>
            <line number="45" hits="49" branch="False" />
            <line number="48" hits="0" branch="True" condition-coverage="0% (0/2)">
              <conditions>
                <condition number="33" type="jump" coverage="0%" />
              </conditions>
            </line>
            <line number="49" hits="0" branch="False" />
            <line number="8" hits="49" branch="False" />
            <line number="10" hits="49" branch="False" />
            <line number="11" hits="49" branch="False" />
            <line number="12" hits="49" branch="False" />
            <line number="13" hits="49" branch="False" />
          </lines>
        </class>
        <class name="Buttr.Core.ObjectResolverCollection" filename="Buttr.Core\Builders\ObjectResolverCollection.cs" line-rate="0.9" branch-rate="0.5" complexity="7">
          <methods>
            <method name="AddSingleton" signature="()" line-rate="1" branch-rate="1" complexity="1">
              <lines>
                <line number="14" hits="31" branch="False" />
                <line number="15" hits="31" branch="False" />
                <line number="16" hits="31" branch="False" />
                <line number="20" hits="10" branch="False" />
                <line number="21" hits="10" branch="False" />
                <line number="22" hits="10" branch="False" />
              </lines>
            </method>
            <method name="AddTransient" signature="()" line-rate="1" branch-rate="1" complexity="1">
              <lines>
                <line number="26" hits="3" branch="False" />
                <line number="27" hits="3" branch="False" />
                <line number="28" hits="3" branch="False" />
                <line number="32" hits="6" branch="False" />
                <line number="33" hits="6" branch="False" />
                <line number="34" hits="6" branch="False" />
              </lines>
            </method>
            <method name="Resolve" signature="()" line-rate="1" branch-rate="1" complexity="2">
              <lines>
                <line number="38" hits="248" branch="True" condition-coverage="100% (2/2)">
                  <conditions>
                    <condition number="33" type="jump" coverage="100%" />
                  </conditions>
                </line>
                <line number="39" hits="49" branch="False" />
              </lines>
            </method>
            <method name="Dispose" signature="()" line-rate="0" branch-rate="0" complexity="2">
              <lines>
                <line number="42" hits="0" branch="True" condition-coverage="0% (0/2)">
                  <conditions>
                    <condition number="33" type="jump" coverage="0%" />
                  </conditions>
                </line>
                <line number="43" hits="0" branch="False" />
              </lines>
            </method>
            <method name=".ctor" signature="(System.Collections.Generic.Dictionary`2&lt;System.Type,Buttr.Core.IObjectResolver&gt;)" line-rate="1" branch-rate="1" complexity="1">
              <lines>
                <line number="7" hits="49" branch="False" />
                <line number="9" hits="49" branch="False" />
                <line number="10" hits="49" branch="False" />
                <line number="11" hits="49" branch="False" />
              </lines>
            </method>
          </methods>
          <lines>
            <line number="14" hits="31" branch="False" />
            <line number="15" hits="31" branch="False" />
            <line number="16" hits="31" branch="False" />
            <line number="20" hits="10" branch="False" />
            <line number="21" hits="10" branch="False" />
            <line number="22" hits="10" branch="False" />
            <line number="26" hits="3" branch="False" />
            <line number="27" hits="3" branch="False" />
            <line number="28" hits="3" branch="False" />
            <line number="32" hits="6" branch="False" />
            <line number="33" hits="6" branch="False" />
            <line number="34" hits="6" branch="False" />
            <line number="38" hits="248" branch="True" condition-coverage="100% (2/2)">
              <conditions>
                <condition number="33" type="jump" coverage="100%" />
              </conditions>
            </line>
            <line number="39" hits="49" branch="False" />
            <line number="42" hits="0" branch="True" condition-coverage="0% (0/2)">
              <conditions>
                <condition number="33" type="jump" coverage="0%" />
              </conditions>
            </line>
            <line number="43" hits="0" branch="False" />
            <line number="7" hits="49" branch="False" />
            <line number="9" hits="49" branch="False" />
            <line number="10" hits="49" branch="False" />
            <line number="11" hits="49" branch="False" />
          </lines>
        </class>
        <class name="Buttr.Core.ScopeBuilder" filename="Buttr.Core\Builders\ScopeBuilder.cs" line-rate="0.8887999999999999" branch-rate="1" complexity="6">
          <methods>
            <method name="get_Resolvers" signature="()" line-rate="0" branch-rate="1" complexity="1">
              <lines>
                <line number="19" hits="0" branch="False" />
              </lines>
            </method>
            <method name="get_Hidden" signature="()" line-rate="1" branch-rate="1" complexity="1">
              <lines>
                <line number="20" hits="3" branch="False" />
              </lines>
            </method>
            <method name="AddTransient" signature="()" line-rate="0.5" branch-rate="1" complexity="1">
              <lines>
                <line number="23" hits="0" branch="False" />
                <line number="27" hits="2" branch="False" />
              </lines>
            </method>
            <method name="AddSingleton" signature="()" line-rate="1" branch-rate="1" complexity="1">
              <lines>
                <line number="31" hits="13" branch="False" />
                <line number="35" hits="3" branch="False" />
              </lines>
            </method>
            <method name="Build" signature="()" line-rate="1" branch-rate="1" complexity="1">
              <lines>
                <line number="39" hits="22" branch="False" />
                <line number="40" hits="22" branch="False" />
                <line number="42" hits="22" branch="False" />
                <line number="43" hits="22" branch="False" />
                <line number="44" hits="21" branch="False" />
              </lines>
            </method>
            <method name=".ctor" signature="(System.String)" line-rate="1" branch-rate="1" complexity="1">
              <lines>
                <line number="7" hits="22" branch="False" />
                <line number="8" hits="22" branch="False" />
                <line number="13" hits="22" branch="False" />
                <line number="14" hits="22" branch="False" />
                <line number="15" hits="22" branch="False" />
                <line number="16" hits="22" branch="False" />
                <line number="17" hits="22" branch="False" />
              </lines>
            </method>
          </methods>
          <lines>
            <line number="19" hits="0" branch="False" />
            <line number="20" hits="3" branch="False" />
            <line number="23" hits="0" branch="False" />
            <line number="27" hits="2" branch="False" />
            <line number="31" hits="13" branch="False" />
            <line number="35" hits="3" branch="False" />
            <line number="39" hits="22" branch="False" />
            <line number="40" hits="22" branch="False" />
            <line number="42" hits="22" branch="False" />
            <line number="43" hits="22" branch="False" />
            <line number="44" hits="21" branch="False" />
            <line number="7" hits="22" branch="False" />
            <line number="8" hits="22" branch="False" />
            <line number="13" hits="22" branch="False" />
            <line number="14" hits="22" branch="False" />
            <line number="15" hits="22" branch="False" />
            <line number="16" hits="22" branch="False" />
            <line number="17" hits="22" branch="False" />
          </lines>
        </class>
        <class name="Buttr.Core.CMDArgs" filename="Buttr.Core\Common\CMDArgs.cs" line-rate="1" branch-rate="1" complexity="13">
          <methods>
            <method name="Initialize" signature="(System.Collections.Generic.IEnumerable`1&lt;System.String&gt;)" line-rate="1" branch-rate="1" complexity="1">
              <lines>
                <line number="17" hits="4" branch="False" />
                <line number="18" hits="4" branch="False" />
              </lines>
            </method>
            <method name="Read" signature="()" line-rate="1" branch-rate="1" complexity="1">
              <lines>
                <line number="21" hits="2" branch="False" />
              </lines>
            </method>
            <method name="Exists" signature="(System.String)" line-rate="1" branch-rate="1" complexity="1">
              <lines>
                <line number="25" hits="4" branch="False" />
              </lines>
            </method>
            <method name="TryGetValue" signature="(System.String,System.String&amp;)" line-rate="1" branch-rate="1" complexity="1">
              <lines>
                <line number="29" hits="3" branch="False" />
              </lines>
            </method>
            <method name="BuildDictionary" signature="(System.Collections.Generic.IEnumerable`1&lt;System.String&gt;)" line-rate="1" branch-rate="1" complexity="8">
              <lines>
                <line number="33" hits="4" branch="False" />
                <line number="34" hits="5" branch="True" condition-coverage="100% (2/2)">
                  <conditions>
                    <condition number="7" type="jump" coverage="100%" />
                  </conditions>
                </line>
                <line number="36" hits="3" branch="False" />
                <line number="37" hits="16" branch="True" condition-coverage="100% (2/2)">
                  <conditions>
                    <condition number="52" type="jump" coverage="100%" />
                  </conditions>
                </line>
                <line number="38" hits="5" branch="True" condition-coverage="100% (2/2)">
                  <conditions>
                    <condition number="30" type="jump" coverage="100%" />
                  </conditions>
                </line>
                <line number="39" hits="3" branch="False" />
                <line number="42" hits="2" branch="False" />
                <line number="43" hits="2" branch="False" />
                <line number="46" hits="4" branch="True" condition-coverage="100% (2/2)">
                  <conditions>
                    <condition number="67" type="jump" coverage="100%" />
                  </conditions>
                </line>
                <line number="47" hits="3" branch="False" />
              </lines>
            </method>
            <method name=".cctor" signature="()" line-rate="1" branch-rate="1" complexity="1">
              <lines>
                <line number="14" hits="1" branch="False" />
              </lines>
            </method>
          </methods>
          <lines>
            <line number="17" hits="4" branch="False" />
            <line number="18" hits="4" branch="False" />
            <line number="21" hits="2" branch="False" />
            <line number="25" hits="4" branch="False" />
            <line number="29" hits="3" branch="False" />
            <line number="33" hits="4" branch="False" />
            <line number="34" hits="5" branch="True" condition-coverage="100% (2/2)">
              <conditions>
                <condition number="7" type="jump" coverage="100%" />
              </conditions>
            </line>
            <line number="36" hits="3" branch="False" />
            <line number="37" hits="16" branch="True" condition-coverage="100% (2/2)">
              <conditions>
                <condition number="52" type="jump" coverage="100%" />
              </conditions>
            </line>
            <line number="38" hits="5" branch="True" condition-coverage="100% (2/2)">
              <conditions>
                <condition number="30" type="jump" coverage="100%" />
              </conditions>
            </line>
            <line number="39" hits="3" branch="False" />
            <line number="42" hits="2" branch="False" />
            <line number="43" hits="2" branch="False" />
            <line number="46" hits="4" branch="True" condition-coverage="100% (2/2)">
              <conditions>
                <condition number="67" type="jump" coverage="100%" />
              </conditions>
            </line>
            <line number="47" hits="3" branch="False" />
            <line number="14" hits="1" branch="False" />
          </lines>
        </class>
        <class name="Buttr.Core.Disposable" filename="Buttr.Core\Common\Disposable.cs" line-rate="0" branch-rate="0" complexity="3">
          <methods>
            <method name="Dispose" signature="()" line-rate="0" branch-rate="0" complexity="2">
              <lines>
                <line number="12" hits="0" branch="True" condition-coverage="0% (0/2)">
                  <conditions>
                    <condition number="7" type="jump" coverage="0%" />
                  </conditions>
                </line>
                <line number="13" hits="0" branch="False" />
              </lines>
            </method>
            <method name=".ctor" signature="(System.Action)" line-rate="0" branch-rate="1" complexity="1">
              <lines>
                <line number="7" hits="0" branch="False" />
                <line number="8" hits="0" branch="False" />
                <line number="9" hits="0" branch="False" />
              </lines>
            </method>
          </methods>
          <lines>
            <line number="12" hits="0" branch="True" condition-coverage="0% (0/2)">
              <conditions>
                <condition number="7" type="jump" coverage="0%" />
              </conditions>
            </line>
            <line number="13" hits="0" branch="False" />
            <line number="7" hits="0" branch="False" />
            <line number="8" hits="0" branch="False" />
            <line number="9" hits="0" branch="False" />
          </lines>
        </class>
        <class name="Buttr.Core.DisposableCollection" filename="Buttr.Core\Common\DisposableCollection.cs" line-rate="1" branch-rate="1" complexity="6">
          <methods>
            <method name="Dispose" signature="()" line-rate="1" branch-rate="1" complexity="4">
              <lines>
                <line number="12" hits="402" branch="True" condition-coverage="100% (4/4)">
                  <conditions>
                    <condition number="33" type="jump" coverage="100%" />
                    <condition number="15" type="jump" coverage="100%" />
                  </conditions>
                </line>
                <line number="13" hits="51" branch="False" />
              </lines>
            </method>
            <method name=".ctor" signature="(System.IDisposable[])" line-rate="1" branch-rate="1" complexity="2">
              <lines>
                <line number="7" hits="51" branch="False" />
                <line number="8" hits="51" branch="True" condition-coverage="100% (2/2)">
                  <conditions>
                    <condition number="9" type="jump" coverage="100%" />
                  </conditions>
                </line>
                <line number="9" hits="50" branch="False" />
              </lines>
            </method>
          </methods>
          <lines>
            <line number="12" hits="402" branch="True" condition-coverage="100% (4/4)">
              <conditions>
                <condition number="33" type="jump" coverage="100%" />
                <condition number="15" type="jump" coverage="100%" />
              </conditions>
            </line>
            <line number="13" hits="51" branch="False" />
            <line number="7" hits="51" branch="False" />
            <line number="8" hits="51" branch="True" condition-coverage="100% (2/2)">
              <conditions>
                <condition number="9" type="jump" coverage="100%" />
              </conditions>
            </line>
            <line number="9" hits="50" branch="False" />
          </lines>
        </class>
        <class name="Buttr.Core.ConfigurableCollection" filename="Buttr.Core\Configurables\ConfigurableCollection.cs" line-rate="1" branch-rate="1" complexity="6">
          <methods>
            <method name="Register" signature="(Buttr.Core.IConfigurable`1&lt;TConcrete&gt;)" line-rate="1" branch-rate="1" complexity="1">
              <lines>
                <line number="34" hits="5" branch="False" />
                <line number="35" hits="4" branch="False" />
              </lines>
            </method>
            <method name="WithConfiguration" signature="(System.Func`2&lt;TConcrete,TConcrete&gt;)" line-rate="1" branch-rate="1" complexity="2">
              <lines>
                <line number="39" hits="3" branch="True" condition-coverage="100% (2/2)">
                  <conditions>
                    <condition number="23" type="jump" coverage="100%" />
                  </conditions>
                </line>
                <line number="40" hits="1" branch="False" />
                <line number="41" hits="1" branch="False" />
                <line number="43" hits="2" branch="False" />
                <line number="45" hits="1" branch="False" />
              </lines>
            </method>
            <method name="WithFactory" signature="(System.Func`1&lt;TConcrete&gt;)" line-rate="1" branch-rate="1" complexity="2">
              <lines>
                <line number="49" hits="3" branch="True" condition-coverage="100% (2/2)">
                  <conditions>
                    <condition number="23" type="jump" coverage="100%" />
                  </conditions>
                </line>
                <line number="50" hits="1" branch="False" />
                <line number="51" hits="1" branch="False" />
                <line number="53" hits="2" branch="False" />
                <line number="55" hits="1" branch="False" />
              </lines>
            </method>
            <method name=".ctor" signature="()" line-rate="1" branch-rate="1" complexity="1">
              <lines>
                <line number="31" hits="7" branch="False" />
              </lines>
            </method>
          </methods>
          <lines>
            <line number="34" hits="5" branch="False" />
            <line number="35" hits="4" branch="False" />
            <line number="39" hits="3" branch="True" condition-coverage="100% (2/2)">
              <conditions>
                <condition number="23" type="jump" coverage="100%" />
              </conditions>
            </line>
            <line number="40" hits="1" branch="False" />
            <line number="41" hits="1" branch="False" />
            <line number="43" hits="2" branch="False" />
            <line number="45" hits="1" branch="False" />
            <line number="49" hits="3" branch="True" condition-coverage="100% (2/2)">
              <conditions>
                <condition number="23" type="jump" coverage="100%" />
              </conditions>
            </line>
            <line number="50" hits="1" branch="False" />
            <line number="51" hits="1" branch="False" />
            <line number="53" hits="2" branch="False" />
            <line number="55" hits="1" branch="False" />
            <line number="31" hits="7" branch="False" />
          </lines>
        </class>
        <class name="Buttr.Core.DIContainer`1" filename="Buttr.Core\Containers\DIContainer.cs" line-rate="1" branch-rate="1" complexity="12">
          <methods>
            <method name="get_Type" signature="()" line-rate="1" branch-rate="1" complexity="1">
              <lines>
                <line number="19" hits="1" branch="False" />
              </lines>
            </method>
            <method name="Get" signature="(TID)" line-rate="1" branch-rate="1" complexity="2">
              <lines>
                <line number="22" hits="25" branch="True" condition-coverage="100% (2/2)">
                  <conditions>
                    <condition number="14" type="jump" coverage="100%" />
                  </conditions>
                </line>
                <line number="23" hits="23" branch="False" />
                <line number="26" hits="2" branch="False" />
              </lines>
            </method>
            <method name="TryGet" signature="(TID,T&amp;)" line-rate="1" branch-rate="1" complexity="2">
              <lines>
                <line number="30" hits="2" branch="False" />
                <line number="31" hits="2" branch="True" condition-coverage="100% (2/2)">
                  <conditions>
                    <condition number="17" type="jump" coverage="100%" />
                  </conditions>
                </line>
                <line number="32" hits="2" branch="False" />
              </lines>
            </method>
            <method name="Dispose" signature="()" line-rate="1" branch-rate="1" complexity="6">
              <lines>
                <line number="36" hits="86" branch="True" condition-coverage="100% (2/2)">
                  <conditions>
                    <condition number="63" type="jump" coverage="100%" />
                  </conditions>
                </line>
                <line number="37" hits="23" branch="True" condition-coverage="100% (4/4)">
                  <conditions>
                    <condition number="33" type="jump" coverage="100%" />
                    <condition number="48" type="jump" coverage="100%" />
                  </conditions>
                </line>
                <line number="38" hits="1" branch="False" />
                <line number="42" hits="20" branch="False" />
                <line number="43" hits="20" branch="False" />
              </lines>
            </method>
            <method name=".ctor" signature="(System.Collections.Generic.Dictionary`2&lt;TID,Buttr.Core.IObjectResolver&gt;)" line-rate="1" branch-rate="1" complexity="1">
              <lines>
                <line number="15" hits="20" branch="False" />
                <line number="16" hits="20" branch="False" />
                <line number="17" hits="20" branch="False" />
              </lines>
            </method>
          </methods>
          <lines>
            <line number="19" hits="1" branch="False" />
            <line number="22" hits="25" branch="True" condition-coverage="100% (2/2)">
              <conditions>
                <condition number="14" type="jump" coverage="100%" />
              </conditions>
            </line>
            <line number="23" hits="23" branch="False" />
            <line number="26" hits="2" branch="False" />
            <line number="30" hits="2" branch="False" />
            <line number="31" hits="2" branch="True" condition-coverage="100% (2/2)">
              <conditions>
                <condition number="17" type="jump" coverage="100%" />
              </conditions>
            </line>
            <line number="32" hits="2" branch="False" />
            <line number="36" hits="86" branch="True" condition-coverage="100% (2/2)">
              <conditions>
                <condition number="63" type="jump" coverage="100%" />
              </conditions>
            </line>
            <line number="37" hits="23" branch="True" condition-coverage="100% (4/4)">
              <conditions>
                <condition number="33" type="jump" coverage="100%" />
                <condition number="48" type="jump" coverage="100%" />
              </conditions>
            </line>
            <line number="38" hits="1" branch="False" />
            <line number="42" hits="20" branch="False" />
            <line number="43" hits="20" branch="False" />
            <line number="15" hits="20" branch="False" />
            <line number="16" hits="20" branch="False" />
            <line number="17" hits="20" branch="False" />
          </lines>
        </class>
        <class name="Buttr.Core.DIContainer" filename="Buttr.Core\Containers\DIContainer.cs" line-rate="0.8421" branch-rate="0.7857" complexity="15">
          <methods>
            <method name="Get" signature="()" line-rate="1" branch-rate="1" complexity="4">
              <lines>
                <line number="62" hits="37" branch="True" condition-coverage="100% (2/2)">
                  <conditions>
                    <condition number="21" type="jump" coverage="100%" />
                  </conditions>
                </line>
                <line number="63" hits="5" branch="False" />
                <line number="65" hits="32" branch="True" condition-coverage="100% (2/2)">
                  <conditions>
                    <condition number="57" type="jump" coverage="100%" />
                  </conditions>
                </line>
                <line number="66" hits="31" branch="False" />
                <line number="68" hits="1" branch="False" />
              </lines>
            </method>
            <method name="TryGet" signature="(T&amp;)" line-rate="0.4" branch-rate="0.25" complexity="4">
              <lines>
                <line number="72" hits="1" branch="True" condition-coverage="50% (1/2)">
                  <conditions>
                    <condition number="21" type="jump" coverage="50%" />
                  </conditions>
                </line>
                <line number="73" hits="1" branch="False" />
                <line number="75" hits="0" branch="False" />
                <line number="76" hits="0" branch="True" condition-coverage="0% (0/2)">
                  <conditions>
                    <condition number="60" type="jump" coverage="0%" />
                  </conditions>
                </line>
                <line number="77" hits="0" branch="False" />
              </lines>
            </method>
            <method name="Dispose" signature="()" line-rate="1" branch-rate="1" complexity="6">
              <lines>
                <line number="81" hits="132" branch="True" condition-coverage="100% (2/2)">
                  <conditions>
                    <condition number="63" type="jump" coverage="100%" />
                  </conditions>
                </line>
                <line number="82" hits="39" branch="True" condition-coverage="100% (4/4)">
                  <conditions>
                    <condition number="33" type="jump" coverage="100%" />
                    <condition number="48" type="jump" coverage="100%" />
                  </conditions>
                </line>
                <line number="83" hits="3" branch="False" />
                <line number="87" hits="27" branch="False" />
                <line number="88" hits="27" branch="False" />
              </lines>
            </method>
            <method name=".ctor" signature="(System.Collections.Generic.Dictionary`2&lt;System.Type,Buttr.Core.IObjectResolver&gt;,System.Collections.Generic.HashSet`1&lt;System.Type&gt;)" line-rate="1" branch-rate="1" complexity="1">
              <lines>
                <line number="56" hits="27" branch="False" />
                <line number="57" hits="27" branch="False" />
                <line number="58" hits="27" branch="False" />
                <line number="59" hits="27" branch="False" />
              </lines>
            </method>
          </methods>
          <lines>
            <line number="62" hits="37" branch="True" condition-coverage="100% (2/2)">
              <conditions>
                <condition number="21" type="jump" coverage="100%" />
              </conditions>
            </line>
            <line number="63" hits="5" branch="False" />
            <line number="65" hits="32" branch="True" condition-coverage="100% (2/2)">
              <conditions>
                <condition number="57" type="jump" coverage="100%" />
              </conditions>
            </line>
            <line number="66" hits="31" branch="False" />
            <line number="68" hits="1" branch="False" />
            <line number="72" hits="1" branch="True" condition-coverage="50% (1/2)">
              <conditions>
                <condition number="21" type="jump" coverage="50%" />
              </conditions>
            </line>
            <line number="73" hits="1" branch="False" />
            <line number="75" hits="0" branch="False" />
            <line number="76" hits="0" branch="True" condition-coverage="0% (0/2)">
              <conditions>
                <condition number="60" type="jump" coverage="0%" />
              </conditions>
            </line>
            <line number="77" hits="0" branch="False" />
            <line number="81" hits="132" branch="True" condition-coverage="100% (2/2)">
              <conditions>
                <condition number="63" type="jump" coverage="100%" />
              </conditions>
            </line>
            <line number="82" hits="39" branch="True" condition-coverage="100% (4/4)">
              <conditions>
                <condition number="33" type="jump" coverage="100%" />
                <condition number="48" type="jump" coverage="100%" />
              </conditions>
            </line>
            <line number="83" hits="3" branch="False" />
            <line number="87" hits="27" branch="False" />
            <line number="88" hits="27" branch="False" />
            <line number="56" hits="27" branch="False" />
            <line number="57" hits="27" branch="False" />
            <line number="58" hits="27" branch="False" />
            <line number="59" hits="27" branch="False" />
          </lines>
        </class>
        <class name="Buttr.Core.ScopeContainer" filename="Buttr.Core\Containers\ScopeContainer.cs" line-rate="1" branch-rate="1" complexity="16">
          <methods>
            <method name="set_ScopeRegistration" signature="(System.IDisposable)" line-rate="1" branch-rate="1" complexity="1">
              <lines>
                <line number="17" hits="42" branch="False" />
              </lines>
            </method>
            <method name="Get" signature="()" line-rate="1" branch-rate="1" complexity="4">
              <lines>
                <line number="21" hits="16" branch="True" condition-coverage="100% (2/2)">
                  <conditions>
                    <condition number="21" type="jump" coverage="100%" />
                  </conditions>
                </line>
                <line number="22" hits="1" branch="False" />
                <line number="24" hits="15" branch="True" condition-coverage="100% (2/2)">
                  <conditions>
                    <condition number="57" type="jump" coverage="100%" />
                  </conditions>
                </line>
                <line number="25" hits="14" branch="False" />
                <line number="27" hits="1" branch="False" />
              </lines>
            </method>
            <method name="TryGet" signature="(T&amp;)" line-rate="1" branch-rate="1" complexity="4">
              <lines>
                <line number="31" hits="3" branch="True" condition-coverage="100% (2/2)">
                  <conditions>
                    <condition number="21" type="jump" coverage="100%" />
                  </conditions>
                </line>
                <line number="32" hits="1" branch="False" />
                <line number="34" hits="2" branch="False" />
                <line number="35" hits="2" branch="True" condition-coverage="100% (2/2)">
                  <conditions>
                    <condition number="60" type="jump" coverage="100%" />
                  </conditions>
                </line>
                <line number="36" hits="2" branch="False" />
              </lines>
            </method>
            <method name="Dispose" signature="()" line-rate="1" branch-rate="1" complexity="6">
              <lines>
                <line number="40" hits="82" branch="True" condition-coverage="100% (2/2)">
                  <conditions>
                    <condition number="63" type="jump" coverage="100%" />
                  </conditions>
                </line>
                <line number="41" hits="20" branch="True" condition-coverage="100% (4/4)">
                  <conditions>
                    <condition number="33" type="jump" coverage="100%" />
                    <condition number="48" type="jump" coverage="100%" />
                  </conditions>
                </line>
                <line number="42" hits="1" branch="False" />
                <line number="46" hits="21" branch="False" />
                <line number="47" hits="21" branch="False" />
                <line number="48" hits="21" branch="False" />
              </lines>
            </method>
            <method name=".ctor" signature="(System.Collections.Generic.Dictionary`2&lt;System.Type,Buttr.Core.IObjectResolver&gt;,System.Collections.Generic.HashSet`1&lt;System.Type&gt;)" line-rate="1" branch-rate="1" complexity="1">
              <lines>
                <line number="11" hits="22" branch="False" />
                <line number="12" hits="22" branch="False" />
                <line number="13" hits="22" branch="False" />
                <line number="14" hits="22" branch="False" />
              </lines>
            </method>
          </methods>
          <lines>
            <line number="17" hits="42" branch="False" />
            <line number="21" hits="16" branch="True" condition-coverage="100% (2/2)">
              <conditions>
                <condition number="21" type="jump" coverage="100%" />
              </conditions>
            </line>
            <line number="22" hits="1" branch="False" />
            <line number="24" hits="15" branch="True" condition-coverage="100% (2/2)">
              <conditions>
                <condition number="57" type="jump" coverage="100%" />
              </conditions>
            </line>
            <line number="25" hits="14" branch="False" />
            <line number="27" hits="1" branch="False" />
            <line number="31" hits="3" branch="True" condition-coverage="100% (2/2)">
              <conditions>
                <condition number="21" type="jump" coverage="100%" />
              </conditions>
            </line>
            <line number="32" hits="1" branch="False" />
            <line number="34" hits="2" branch="False" />
            <line number="35" hits="2" branch="True" condition-coverage="100% (2/2)">
              <conditions>
                <condition number="60" type="jump" coverage="100%" />
              </conditions>
            </line>
            <line number="36" hits="2" branch="False" />
            <line number="40" hits="82" branch="True" condition-coverage="100% (2/2)">
              <conditions>
                <condition number="63" type="jump" coverage="100%" />
              </conditions>
            </line>
            <line number="41" hits="20" branch="True" condition-coverage="100% (4/4)">
              <conditions>
                <condition number="33" type="jump" coverage="100%" />
                <condition number="48" type="jump" coverage="100%" />
              </conditions>
            </line>
            <line number="42" hits="1" branch="False" />
            <line number="46" hits="21" branch="False" />
            <line number="47" hits="21" branch="False" />
            <line number="48" hits="21" branch="False" />
            <line number="11" hits="22" branch="False" />
            <line number="12" hits="22" branch="False" />
            <line number="13" hits="22" branch="False" />
            <line number="14" hits="22" branch="False" />
          </lines>
        </class>
        <class name="Buttr.Core.ConfigurableException" filename="Buttr.Core\Exceptions\ConfigurableException.cs" line-rate="1" branch-rate="1" complexity="1">
          <methods>
            <method name=".ctor" signature="(System.String)" line-rate="1" branch-rate="1" complexity="1">
              <lines>
                <line number="5" hits="10" branch="False" />
              </lines>
            </method>
          </methods>
          <lines>
            <line number="5" hits="10" branch="False" />
          </lines>
        </class>
        <class name="Buttr.Core.ObjectResolverException" filename="Buttr.Core\Exceptions\ObjectResolverException.cs" line-rate="1" branch-rate="1" complexity="1">
          <methods>
            <method name=".ctor" signature="(System.String)" line-rate="1" branch-rate="1" complexity="1">
              <lines>
                <line number="8" hits="30" branch="False" />
              </lines>
            </method>
          </methods>
          <lines>
            <line number="8" hits="30" branch="False" />
          </lines>
        </class>
        <class name="Buttr.Core.ConfigurationFactory" filename="Buttr.Core\Factories\ConfigurationFactory.cs" line-rate="1" branch-rate="1" complexity="2">
          <methods>
            <method name="Empty" signature="()" line-rate="1" branch-rate="1" complexity="2">
              <lines>
                <line number="6" hits="291" branch="True" condition-coverage="100% (2/2)">
                  <conditions>
                    <condition number="6" type="jump" coverage="100%" />
                  </conditions>
                </line>
              </lines>
            </method>
          </methods>
          <lines>
            <line number="6" hits="291" branch="True" condition-coverage="100% (2/2)">
              <conditions>
                <condition number="6" type="jump" coverage="100%" />
              </conditions>
            </line>
          </lines>
        </class>
        <class name="Buttr.Core.Factory" filename="Buttr.Core\Factories\Factory.cs" line-rate="0" branch-rate="1" complexity="1">
          <methods>
            <method name="Empty" signature="()" line-rate="0" branch-rate="1" complexity="1">
              <lines>
                <line number="5" hits="0" branch="False" />
              </lines>
            </method>
          </methods>
          <lines>
            <line number="5" hits="0" branch="False" />
          </lines>
        </class>
        <class name="Buttr.Core.ObjectFactory" filename="Buttr.Core\Factories\ObjectFactory.cs" line-rate="1" branch-rate="1" complexity="2">
          <methods>
            <method name="Create" signature="(System.Reflection.ConstructorInfo,System.Type[])" line-rate="1" branch-rate="1" complexity="2">
              <lines>
                <line number="8" hits="147" branch="False" />
                <line number="10" hits="147" branch="False" />
                <line number="12" hits="374" branch="True" condition-coverage="100% (2/2)">
                  <conditions>
                    <condition number="76" type="jump" coverage="100%" />
                  </conditions>
                </line>
                <line number="13" hits="40" branch="False" />
                <line number="14" hits="40" branch="False" />
                <line number="15" hits="40" branch="False" />
                <line number="16" hits="40" branch="False" />
                <line number="19" hits="147" branch="False" />
                <line number="20" hits="147" branch="False" />
                <line number="21" hits="147" branch="False" />
              </lines>
            </method>
          </methods>
          <lines>
            <line number="8" hits="147" branch="False" />
            <line number="10" hits="147" branch="False" />
            <line number="12" hits="374" branch="True" condition-coverage="100% (2/2)">
              <conditions>
                <condition number="76" type="jump" coverage="100%" />
              </conditions>
            </line>
            <line number="13" hits="40" branch="False" />
            <line number="14" hits="40" branch="False" />
            <line number="15" hits="40" branch="False" />
            <line number="16" hits="40" branch="False" />
            <line number="19" hits="147" branch="False" />
            <line number="20" hits="147" branch="False" />
            <line number="21" hits="147" branch="False" />
          </lines>
        </class>
        <class name="Buttr.Core.ButtrLog" filename="Buttr.Core\Logging\ButtrLog.cs" line-rate="1" branch-rate="1" complexity="6">
          <methods>
            <method name="SetLogger" signature="(Buttr.Core.IButtrLogger)" line-rate="1" branch-rate="1" complexity="2">
              <lines>
                <line number="8" hits="16" branch="True" condition-coverage="100% (2/2)">
                  <conditions>
                    <condition number="7" type="jump" coverage="100%" />
                  </conditions>
                </line>
                <line number="9" hits="16" branch="False" />
              </lines>
            </method>
            <method name="Log" signature="(System.String)" line-rate="1" branch-rate="1" complexity="1">
              <lines>
                <line number="11" hits="13" branch="False" />
              </lines>
            </method>
            <method name="LogWarning" signature="(System.String)" line-rate="1" branch-rate="1" complexity="1">
              <lines>
                <line number="12" hits="4" branch="False" />
              </lines>
            </method>
            <method name="LogError" signature="(System.String)" line-rate="1" branch-rate="1" complexity="1">
              <lines>
                <line number="13" hits="2" branch="False" />
              </lines>
            </method>
            <method name=".cctor" signature="()" line-rate="1" branch-rate="1" complexity="1">
              <lines>
                <line number="5" hits="1" branch="False" />
              </lines>
            </method>
          </methods>
          <lines>
            <line number="8" hits="16" branch="True" condition-coverage="100% (2/2)">
              <conditions>
                <condition number="7" type="jump" coverage="100%" />
              </conditions>
            </line>
            <line number="9" hits="16" branch="False" />
            <line number="11" hits="13" branch="False" />
            <line number="12" hits="4" branch="False" />
            <line number="13" hits="2" branch="False" />
            <line number="5" hits="1" branch="False" />
          </lines>
        </class>
        <class name="Buttr.Core.ApplicationRegistry" filename="Buttr.Core\Registry\ApplicationRegistry.cs" line-rate="0.8571" branch-rate="0.5" complexity="5">
          <methods>
            <method name="GetDependencies" signature="(System.Type[],System.Object[])" line-rate="1" branch-rate="1" complexity="1">
              <lines>
                <line number="11" hits="56" branch="False" />
              </lines>
            </method>
            <method name="Register" signature="(Buttr.Core.IObjectResolver)" line-rate="0.6666" branch-rate="0.5" complexity="2">
              <lines>
                <line number="15" hits="63" branch="True" condition-coverage="50% (1/2)">
                  <conditions>
                    <condition number="21" type="jump" coverage="50%" />
                  </conditions>
                </line>
                <line number="16" hits="0" branch="False" />
                <line number="18" hits="63" branch="False" />
              </lines>
            </method>
            <method name="Remove" signature="()" line-rate="1" branch-rate="1" complexity="1">
              <lines>
                <line number="21" hits="63" branch="False" />
                <line number="22" hits="63" branch="False" />
              </lines>
            </method>
            <method name=".cctor" signature="()" line-rate="1" branch-rate="1" complexity="1">
              <lines>
                <line number="8" hits="1" branch="False" />
              </lines>
            </method>
          </methods>
          <lines>
            <line number="11" hits="56" branch="False" />
            <line number="15" hits="63" branch="True" condition-coverage="50% (1/2)">
              <conditions>
                <condition number="21" type="jump" coverage="50%" />
              </conditions>
            </line>
            <line number="16" hits="0" branch="False" />
            <line number="18" hits="63" branch="False" />
            <line number="21" hits="63" branch="False" />
            <line number="22" hits="63" branch="False" />
            <line number="8" hits="1" branch="False" />
          </lines>
        </class>
        <class name="Buttr.Core.ScopeRegistry" filename="Buttr.Core\Registry\ScopeRegistry.cs" line-rate="1" branch-rate="1" complexity="5">
          <methods>
            <method name="Register" signature="(System.String,Buttr.Core.IDIContainer)" line-rate="1" branch-rate="1" complexity="1">
              <lines>
                <line number="9" hits="22" branch="False" />
              </lines>
            </method>
            <method name="Get" signature="(System.String)" line-rate="1" branch-rate="1" complexity="1">
              <lines>
                <line number="13" hits="7" branch="False" />
              </lines>
            </method>
            <method name="RemoveScope" signature="(System.String)" line-rate="1" branch-rate="1" complexity="1">
              <lines>
                <line number="17" hits="1" branch="False" />
                <line number="18" hits="1" branch="False" />
              </lines>
            </method>
            <method name="Clear" signature="()" line-rate="1" branch-rate="1" complexity="1">
              <lines>
                <line number="21" hits="21" branch="False" />
                <line number="22" hits="21" branch="False" />
              </lines>
            </method>
            <method name=".cctor" signature="()" line-rate="1" branch-rate="1" complexity="1">
              <lines>
                <line number="6" hits="1" branch="False" />
              </lines>
            </method>
          </methods>
          <lines>
            <line number="9" hits="22" branch="False" />
            <line number="13" hits="7" branch="False" />
            <line number="17" hits="1" branch="False" />
            <line number="18" hits="1" branch="False" />
            <line number="21" hits="21" branch="False" />
            <line number="22" hits="21" branch="False" />
            <line number="6" hits="1" branch="False" />
          </lines>
        </class>
        <class name="Buttr.Core.ScopeRegistry/Registration" filename="Buttr.Core\Registry\ScopeRegistry.cs" line-rate="1" branch-rate="1" complexity="2">
          <methods>
            <method name="Dispose" signature="()" line-rate="1" branch-rate="1" complexity="1">
              <lines>
                <line number="33" hits="21" branch="False" />
                <line number="34" hits="21" branch="False" />
              </lines>
            </method>
            <method name=".ctor" signature="(System.String,Buttr.Core.IDIContainer)" line-rate="1" branch-rate="1" complexity="1">
              <lines>
                <line number="27" hits="22" branch="False" />
                <line number="28" hits="22" branch="False" />
                <line number="29" hits="21" branch="False" />
                <line number="30" hits="21" branch="False" />
              </lines>
            </method>
          </methods>
          <lines>
            <line number="33" hits="21" branch="False" />
            <line number="34" hits="21" branch="False" />
            <line number="27" hits="22" branch="False" />
            <line number="28" hits="22" branch="False" />
            <line number="29" hits="21" branch="False" />
            <line number="30" hits="21" branch="False" />
          </lines>
        </class>
        <class name="Buttr.Core.IDSingletonObjectResolver`2" filename="Buttr.Core\Resolvers\ID\IDSingletonObjectResolver.cs" line-rate="0.7857" branch-rate="0" complexity="6">
          <methods>
            <method name="Resolve" signature="()" line-rate="1" branch-rate="1" complexity="1">
              <lines>
                <line number="18" hits="19" branch="False" />
                <line number="19" hits="19" branch="False" />
              </lines>
            </method>
            <method name="Dispose" signature="()" line-rate="0" branch-rate="0" complexity="2">
              <lines>
                <line number="22" hits="0" branch="True" condition-coverage="0% (0/2)">
                  <conditions>
                    <condition number="29" type="jump" coverage="0%" />
                  </conditions>
                </line>
                <line number="23" hits="0" branch="False" />
                <line number="25" hits="0" branch="False" />
              </lines>
            </method>
            <method name="Buttr.Core.IConfigurable&lt;TConcrete&gt;.WithConfiguration" signature="(System.Func`2&lt;TConcrete,TConcrete&gt;)" line-rate="1" branch-rate="1" complexity="1">
              <lines>
                <line number="28" hits="1" branch="False" />
                <line number="29" hits="1" branch="False" />
              </lines>
            </method>
            <method name="Buttr.Core.IConfigurable&lt;TConcrete&gt;.WithFactory" signature="(System.Func`1&lt;TConcrete&gt;)" line-rate="1" branch-rate="1" complexity="1">
              <lines>
                <line number="33" hits="2" branch="False" />
                <line number="34" hits="2" branch="False" />
              </lines>
            </method>
            <method name=".ctor" signature="(TID,System.Collections.Generic.Dictionary`2&lt;TID,Buttr.Core.IObjectResolver&gt;)" line-rate="1" branch-rate="1" complexity="1">
              <lines>
                <line number="9" hits="19" branch="False" />
                <line number="12" hits="19" branch="False" />
                <line number="13" hits="19" branch="False" />
                <line number="14" hits="19" branch="False" />
                <line number="15" hits="19" branch="False" />
              </lines>
            </method>
          </methods>
          <lines>
            <line number="18" hits="19" branch="False" />
            <line number="19" hits="19" branch="False" />
            <line number="22" hits="0" branch="True" condition-coverage="0% (0/2)">
              <conditions>
                <condition number="29" type="jump" coverage="0%" />
              </conditions>
            </line>
            <line number="23" hits="0" branch="False" />
            <line number="25" hits="0" branch="False" />
            <line number="28" hits="1" branch="False" />
            <line number="29" hits="1" branch="False" />
            <line number="33" hits="2" branch="False" />
            <line number="34" hits="2" branch="False" />
            <line number="9" hits="19" branch="False" />
            <line number="12" hits="19" branch="False" />
            <line number="13" hits="19" branch="False" />
            <line number="14" hits="19" branch="False" />
            <line number="15" hits="19" branch="False" />
          </lines>
        </class>
        <class name="Buttr.Core.IDSingletonResolverInternal`1" filename="Buttr.Core\Resolvers\ID\IDSingletonResolverInternal.cs" line-rate="1" branch-rate="1" complexity="10">
          <methods>
            <method name="get_IsResolved" signature="()" line-rate="1" branch-rate="1" complexity="1">
              <lines>
                <line number="17" hits="18" branch="False" />
              </lines>
            </method>
            <method name="Resolve" signature="()" line-rate="1" branch-rate="1" complexity="8">
              <lines>
                <line number="21" hits="45" branch="True" condition-coverage="100% (2/2)">
                  <conditions>
                    <condition number="11" type="jump" coverage="100%" />
                  </conditions>
                </line>
                <line number="23" hits="15" branch="False" />
                <line number="24" hits="15" branch="True" condition-coverage="100% (2/2)">
                  <conditions>
                    <condition number="46" type="jump" coverage="100%" />
                  </conditions>
                </line>
                <line number="25" hits="2" branch="False" />
                <line number="26" hits="2" branch="True" condition-coverage="100% (2/2)">
                  <conditions>
                    <condition number="73" type="jump" coverage="100%" />
                  </conditions>
                </line>
                <line number="27" hits="1" branch="False" />
                <line number="31" hits="14" branch="True" condition-coverage="100% (2/2)">
                  <conditions>
                    <condition number="114" type="jump" coverage="100%" />
                  </conditions>
                </line>
                <line number="32" hits="14" branch="False" />
                <line number="33" hits="14" branch="False" />
                <line number="35" hits="14" branch="False" />
                <line number="36" hits="14" branch="False" />
                <line number="38" hits="14" branch="False" />
              </lines>
            </method>
            <method name=".ctor" signature="(System.Func`2&lt;TConcrete,TConcrete&gt;,System.Func`1&lt;TConcrete&gt;)" line-rate="1" branch-rate="1" complexity="1">
              <lines>
                <line number="11" hits="19" branch="False" />
                <line number="12" hits="19" branch="False" />
                <line number="13" hits="19" branch="False" />
                <line number="14" hits="19" branch="False" />
              </lines>
            </method>
          </methods>
          <lines>
            <line number="17" hits="18" branch="False" />
            <line number="21" hits="45" branch="True" condition-coverage="100% (2/2)">
              <conditions>
                <condition number="11" type="jump" coverage="100%" />
              </conditions>
            </line>
            <line number="23" hits="15" branch="False" />
            <line number="24" hits="15" branch="True" condition-coverage="100% (2/2)">
              <conditions>
                <condition number="46" type="jump" coverage="100%" />
              </conditions>
            </line>
            <line number="25" hits="2" branch="False" />
            <line number="26" hits="2" branch="True" condition-coverage="100% (2/2)">
              <conditions>
                <condition number="73" type="jump" coverage="100%" />
              </conditions>
            </line>
            <line number="27" hits="1" branch="False" />
            <line number="31" hits="14" branch="True" condition-coverage="100% (2/2)">
              <conditions>
                <condition number="114" type="jump" coverage="100%" />
              </conditions>
            </line>
            <line number="32" hits="14" branch="False" />
[...]
                  </conditions>
                </line>
                <line number="11" hits="52" branch="True" condition-coverage="100% (2/2)">
                  <conditions>
                    <condition number="30" type="jump" coverage="100%" />
                  </conditions>
                </line>
                <line number="12" hits="42" branch="False" />
                <line number="15" hits="10" branch="False" />
                <line number="18" hits="65" branch="False" />
              </lines>
            </method>
            <method name="CollectUnresolvedTypes" signature="(System.Collections.Generic.Dictionary`2&lt;System.Type,Buttr.Core.IObjectResolver&gt;,System.Type[],System.Type[])" line-rate="1" branch-rate="1" complexity="4">
              <lines>
                <line number="22" hits="4" branch="False" />
                <line number="23" hits="26" branch="True" condition-coverage="100% (2/2)">
                  <conditions>
                    <condition number="35" type="jump" coverage="100%" />
                  </conditions>
                </line>
                <line number="24" hits="9" branch="False" />
                <line number="25" hits="9" branch="True" condition-coverage="100% (2/2)">
                  <conditions>
                    <condition number="17" type="jump" coverage="100%" />
                  </conditions>
                </line>
                <line number="26" hits="5" branch="False" />
                <line number="29" hits="4" branch="False" />
              </lines>
            </method>
          </methods>
          <lines>
            <line number="7" hits="66" branch="False" />
            <line number="8" hits="242" branch="True" condition-coverage="100% (2/2)">
              <conditions>
                <condition number="83" type="jump" coverage="100%" />
              </conditions>
            </line>
            <line number="9" hits="56" branch="False" />
            <line number="10" hits="56" branch="True" condition-coverage="100% (2/2)">
              <conditions>
                <condition number="19" type="jump" coverage="100%" />
              </conditions>
            </line>
            <line number="11" hits="52" branch="True" condition-coverage="100% (2/2)">
              <conditions>
                <condition number="30" type="jump" coverage="100%" />
              </conditions>
            </line>
            <line number="12" hits="42" branch="False" />
            <line number="15" hits="10" branch="False" />
            <line number="18" hits="65" branch="False" />
            <line number="22" hits="4" branch="False" />
            <line number="23" hits="26" branch="True" condition-coverage="100% (2/2)">
              <conditions>
                <condition number="35" type="jump" coverage="100%" />
              </conditions>
            </line>
            <line number="24" hits="9" branch="False" />
            <line number="25" hits="9" branch="True" condition-coverage="100% (2/2)">
              <conditions>
                <condition number="17" type="jump" coverage="100%" />
              </conditions>
            </line>
            <line number="26" hits="5" branch="False" />
            <line number="29" hits="4" branch="False" />
          </lines>
        </class>
        <class name="Buttr.Core.ServiceResolverUtilities" filename="Buttr.Core\Utility\ServiceResolverUtilities.cs" line-rate="0.9268000000000001" branch-rate="0.8332999999999999" complexity="24">
          <methods>
            <method name="TryResolve" signature="(System.Collections.Generic.Dictionary`2&lt;System.Type,Buttr.Core.IObjectResolver&gt;,System.Type[],System.Object[])" line-rate="1" branch-rate="0.875" complexity="16">
              <lines>
                <line number="7" hits="10" branch="True" condition-coverage="50% (1/2)">
                  <conditions>
                    <condition number="2" type="jump" coverage="50%" />
                  </conditions>
                </line>
                <line number="9" hits="10" branch="False" />
                <line number="10" hits="10" branch="False" />
                <line number="11" hits="10" branch="False" />
                <line number="12" hits="10" branch="False" />
                <line number="15" hits="10" branch="False" />
                <line number="16" hits="10" branch="True" condition-coverage="100% (2/2)">
                  <conditions>
                    <condition number="56" type="jump" coverage="100%" />
                  </conditions>
                </line>
                <line number="18" hits="6" branch="False" />
                <line number="21" hits="4" branch="False" />
                <line number="22" hits="4" branch="False" />
                <line number="24" hits="4" branch="False" />
                <line number="26" hits="4" branch="True" condition-coverage="100% (2/2)">
                  <conditions>
                    <condition number="103" type="jump" coverage="100%" />
                  </conditions>
                </line>
                <line number="27" hits="1" branch="False" />
                <line number="29" hits="3" branch="False" />
                <line number="30" hits="3" branch="False" />
                <line number="33" hits="16" branch="True" condition-coverage="100% (2/2)">
                  <conditions>
                    <condition number="262" type="jump" coverage="100%" />
                  </conditions>
                </line>
                <line number="34" hits="6" branch="False" />
                <line number="35" hits="24" branch="True" condition-coverage="100% (2/2)">
                  <conditions>
                    <condition number="215" type="jump" coverage="100%" />
                  </conditions>
                </line>
                <line number="36" hits="11" branch="True" condition-coverage="75% (3/4)">
                  <conditions>
                    <condition number="175" type="jump" coverage="50%" />
                    <condition number="193" type="jump" coverage="100%" />
                  </conditions>
                </line>
                <line number="37" hits="5" branch="False" />
                <line number="38" hits="5" branch="False" />
                <line number="42" hits="6" branch="True" condition-coverage="100% (2/2)">
                  <conditions>
                    <condition number="221" type="jump" coverage="100%" />
                  </conditions>
                </line>
                <line number="43" hits="1" branch="False" />
                <line number="46" hits="2" branch="False" />
                <line number="48" hits="10" branch="False" />
                <line number="49" hits="10" branch="False" />
                <line number="50" hits="10" branch="False" />
                <line number="51" hits="10" branch="False" />
                <line number="52" hits="10" branch="False" />
                <line number="53" hits="8" branch="False" />
              </lines>
            </method>
            <method name="TryValidate" signature="(System.Object[],System.Type[])" line-rate="0.7272" branch-rate="0.75" complexity="8">
              <lines>
                <line number="56" hits="41" branch="True" condition-coverage="50% (1/2)">
                  <conditions>
                    <condition number="6" type="jump" coverage="50%" />
                  </conditions>
                </line>
                <line number="57" hits="0" branch="False" />
                <line number="59" hits="132" branch="True" condition-coverage="100% (2/2)">
                  <conditions>
                    <condition number="70" type="jump" coverage="100%" />
                  </conditions>
                </line>
                <line number="60" hits="28" branch="False" />
                <line number="61" hits="31" branch="True" condition-coverage="100% (2/2)">
                  <conditions>
                    <condition number="19" type="jump" coverage="100%" />
                  </conditions>
                </line>
                <line number="63" hits="25" branch="False" />
                <line number="64" hits="25" branch="False" />
                <line number="66" hits="25" branch="True" condition-coverage="50% (1/2)">
                  <conditions>
                    <condition number="41" type="jump" coverage="50%" />
                  </conditions>
                </line>
                <line number="67" hits="0" branch="False" />
                <line number="68" hits="0" branch="False" />
                <line number="72" hits="38" branch="False" />
              </lines>
            </method>
          </methods>
          <lines>
            <line number="7" hits="10" branch="True" condition-coverage="50% (1/2)">
              <conditions>
                <condition number="2" type="jump" coverage="50%" />
              </conditions>
            </line>
            <line number="9" hits="10" branch="False" />
            <line number="10" hits="10" branch="False" />
            <line number="11" hits="10" branch="False" />
            <line number="12" hits="10" branch="False" />
            <line number="15" hits="10" branch="False" />
            <line number="16" hits="10" branch="True" condition-coverage="100% (2/2)">
              <conditions>
                <condition number="56" type="jump" coverage="100%" />
              </conditions>
            </line>
            <line number="18" hits="6" branch="False" />
            <line number="21" hits="4" branch="False" />
            <line number="22" hits="4" branch="False" />
            <line number="24" hits="4" branch="False" />
            <line number="26" hits="4" branch="True" condition-coverage="100% (2/2)">
              <conditions>
                <condition number="103" type="jump" coverage="100%" />
              </conditions>
            </line>
            <line number="27" hits="1" branch="False" />
            <line number="29" hits="3" branch="False" />
            <line number="30" hits="3" branch="False" />
            <line number="33" hits="16" branch="True" condition-coverage="100% (2/2)">
              <conditions>
                <condition number="262" type="jump" coverage="100%" />
              </conditions>
            </line>
            <line number="34" hits="6" branch="False" />
            <line number="35" hits="24" branch="True" condition-coverage="100% (2/2)">
              <conditions>
                <condition number="215" type="jump" coverage="100%" />
              </conditions>
            </line>
            <line number="36" hits="11" branch="True" condition-coverage="75% (3/4)">
              <conditions>
                <condition number="175" type="jump" coverage="50%" />
                <condition number="193" type="jump" coverage="100%" />
              </conditions>
            </line>
            <line number="37" hits="5" branch="False" />
            <line number="38" hits="5" branch="False" />
            <line number="42" hits="6" branch="True" condition-coverage="100% (2/2)">
              <conditions>
                <condition number="221" type="jump" coverage="100%" />
              </conditions>
            </line>
            <line number="43" hits="1" branch="False" />
            <line number="46" hits="2" branch="False" />
            <line number="48" hits="10" branch="False" />
            <line number="49" hits="10" branch="False" />
            <line number="50" hits="10" branch="False" />
            <line number="51" hits="10" branch="False" />
            <line number="52" hits="10" branch="False" />
            <line number="53" hits="8" branch="False" />
            <line number="56" hits="41" branch="True" condition-coverage="50% (1/2)">
              <conditions>
                <condition number="6" type="jump" coverage="50%" />
              </conditions>
            </line>
            <line number="57" hits="0" branch="False" />
            <line number="59" hits="132" branch="True" condition-coverage="100% (2/2)">
              <conditions>
                <condition number="70" type="jump" coverage="100%" />
              </conditions>
            </line>
            <line number="60" hits="28" branch="False" />
            <line number="61" hits="31" branch="True" condition-coverage="100% (2/2)">
              <conditions>
                <condition number="19" type="jump" coverage="100%" />
              </conditions>
            </line>
            <line number="63" hits="25" branch="False" />
            <line number="64" hits="25" branch="False" />
            <line number="66" hits="25" branch="True" condition-coverage="50% (1/2)">
              <conditions>
                <condition number="41" type="jump" coverage="50%" />
              </conditions>
            </line>
            <line number="67" hits="0" branch="False" />
            <line number="68" hits="0" branch="False" />
            <line number="72" hits="38" branch="False" />
          </lines>
        </class>
      </classes>
    </package>
    <package name="Buttr.Injection" line-rate="1" branch-rate="1" complexity="16">
      <classes>
        <class name="Buttr.Injection.InjectAttribute" filename="Buttr.Injection\Attributes\InjectAttribute.cs" line-rate="1" branch-rate="1" complexity="3">
          <methods>
            <method name="get_Scope" signature="()" line-rate="1" branch-rate="1" complexity="1">
              <lines>
                <line number="13" hits="3" branch="False" />
              </lines>
            </method>
            <method name=".ctor" signature="()" line-rate="1" branch-rate="1" complexity="1">
              <lines>
                <line number="7" hits="2" branch="False" />
              </lines>
            </method>
            <method name=".ctor" signature="(System.String)" line-rate="1" branch-rate="1" complexity="1">
              <lines>
                <line number="9" hits="2" branch="False" />
                <line number="10" hits="2" branch="False" />
                <line number="11" hits="2" branch="False" />
              </lines>
            </method>
          </methods>
          <lines>
            <line number="13" hits="3" branch="False" />
            <line number="7" hits="2" branch="False" />
            <line number="9" hits="2" branch="False" />
            <line number="10" hits="2" branch="False" />
            <line number="11" hits="2" branch="False" />
          </lines>
        </class>
        <class name="Buttr.Injection.InjectionException" filename="Buttr.Injection\Exceptions\InjectionException.cs" line-rate="1" branch-rate="1" complexity="1">
          <methods>
            <method name=".ctor" signature="(System.String)" line-rate="1" branch-rate="1" complexity="1">
              <lines>
                <line number="5" hits="12" branch="False" />
              </lines>
            </method>
          </methods>
          <lines>
            <line number="5" hits="12" branch="False" />
          </lines>
        </class>
        <class name="Buttr.Injection.InjectionProcessor" filename="Buttr.Injection\InjectionProcessor.cs" line-rate="1" branch-rate="1" complexity="12">
          <methods>
            <method name="Register" signature="(System.Action`1&lt;T&gt;)" line-rate="1" branch-rate="1" complexity="2">
              <lines>
                <line number="14" hits="11" branch="True" condition-coverage="100% (2/2)">
                  <conditions>
                    <condition number="19" type="jump" coverage="100%" />
                  </conditions>
                </line>
                <line number="15" hits="1" branch="False" />
                <line number="17" hits="15" branch="False" />
                <line number="18" hits="9" branch="False" />
              </lines>
            </method>
            <method name="Inject" signature="(System.Object)" line-rate="1" branch-rate="1" complexity="8">
              <lines>
                <line number="21" hits="12" branch="True" condition-coverage="100% (2/2)">
                  <conditions>
                    <condition number="1" type="jump" coverage="100%" />
                  </conditions>
                </line>
                <line number="22" hits="10" branch="True" condition-coverage="100% (2/2)">
                  <conditions>
                    <condition number="22" type="jump" coverage="100%" />
                  </conditions>
                </line>
                <line number="23" hits="1" branch="False" />
                <line number="25" hits="9" branch="True" condition-coverage="100% (2/2)">
                  <conditions>
                    <condition number="41" type="jump" coverage="100%" />
                  </conditions>
                </line>
                <line number="26" hits="2" branch="False" />
                <line number="27" hits="2" branch="False" />
                <line number="30" hits="7" branch="True" condition-coverage="100% (2/2)">
                  <conditions>
                    <condition number="72" type="jump" coverage="100%" />
                  </conditions>
                </line>
                <line number="31" hits="5" branch="False" />
                <line number="32" hits="5" branch="False" />
                <line number="35" hits="2" branch="False" />
              </lines>
            </method>
            <method name="Clear" signature="()" line-rate="1" branch-rate="1" complexity="1">
              <lines>
                <line number="40" hits="17" branch="False" />
                <line number="41" hits="17" branch="False" />
              </lines>
            </method>
            <method name=".cctor" signature="()" line-rate="1" branch-rate="1" complexity="1">
              <lines>
                <line number="11" hits="1" branch="False" />
              </lines>
            </method>
          </methods>
          <lines>
            <line number="14" hits="11" branch="True" condition-coverage="100% (2/2)">
              <conditions>
                <condition number="19" type="jump" coverage="100%" />
              </conditions>
            </line>
            <line number="15" hits="1" branch="False" />
            <line number="17" hits="15" branch="False" />
            <line number="18" hits="9" branch="False" />
            <line number="21" hits="12" branch="True" condition-coverage="100% (2/2)">
              <conditions>
                <condition number="1" type="jump" coverage="100%" />
              </conditions>
            </line>
            <line number="22" hits="10" branch="True" condition-coverage="100% (2/2)">
              <conditions>
                <condition number="22" type="jump" coverage="100%" />
              </conditions>
            </line>
            <line number="23" hits="1" branch="False" />
            <line number="25" hits="9" branch="True" condition-coverage="100% (2/2)">
              <conditions>
                <condition number="41" type="jump" coverage="100%" />
              </conditions>
            </line>
            <line number="26" hits="2" branch="False" />
            <line number="27" hits="2" branch="False" />
            <line number="30" hits="7" branch="True" condition-coverage="100% (2/2)">
              <conditions>
                <condition number="72" type="jump" coverage="100%" />
              </conditions>
            </line>
            <line number="31" hits="5" branch="False" />
            <line number="32" hits="5" branch="False" />
            <line number="35" hits="2" branch="False" />
            <line number="40" hits="17" branch="False" />
            <line number="41" hits="17" branch="False" />
            <line number="11" hits="1" branch="False" />
          </lines>
        </class>
      </classes>
    </package>
  </packages>
</coverage>